2025-09-07 20:12:35 | INFO | Processing message: I love Python!
2025-09-07 20:12:36 | INFO | Generated buzz: Kafka is awesome.
2025-09-07 20:12:36 | INFO | Sent message to topic 'buzzline': Kafka is awesome.
2025-09-07 20:12:36 | INFO | Processing message: Kafka is awesome.
2025-09-07 20:12:37 | INFO | Generated buzz: Streaming data is fun.
2025-09-07 20:12:37 | INFO | Sent message to topic 'buzzline': Streaming data is fun.
2025-09-07 20:12:37 | INFO | Processing message: Streaming data is fun.
2025-09-07 20:12:38 | INFO | Generated buzz: This is a buzz message.
2025-09-07 20:12:38 | INFO | Sent message to topic 'buzzline': This is a buzz message.
2025-09-07 20:12:38 | INFO | Processing message: This is a buzz message.
2025-09-07 20:12:39 | INFO | Generated buzz: Have a great day!
2025-09-07 20:12:39 | INFO | Sent message to topic 'buzzline': Have a great day!
2025-09-07 20:12:39 | INFO | Processing message: Have a great day!
2025-09-07 20:12:40 | INFO | Generated buzz: I love Python!
2025-09-07 20:12:40 | INFO | Sent message to topic 'buzzline': I love Python!
2025-09-07 20:12:40 | INFO | Processing message: I love Python!
2025-09-07 20:12:41 | INFO | Generated buzz: Kafka is awesome.
2025-09-07 20:12:41 | INFO | Sent message to topic 'buzzline': Kafka is awesome.
2025-09-07 20:12:41 | INFO | Processing message: Kafka is awesome.
2025-09-07 20:12:42 | INFO | Generated buzz: Streaming data is fun.
2025-09-07 20:12:42 | INFO | Sent message to topic 'buzzline': Streaming data is fun.
2025-09-07 20:12:42 | INFO | Processing message: Streaming data is fun.
2025-09-07 20:12:43 | INFO | Generated buzz: This is a buzz message.
2025-09-07 20:12:43 | INFO | Sent message to topic 'buzzline': This is a buzz message.
2025-09-07 20:12:43 | INFO | Processing message: This is a buzz message.
2025-09-07 20:12:44 | INFO | Generated buzz: Have a great day!
2025-09-07 20:12:44 | INFO | Sent message to topic 'buzzline': Have a great day!
2025-09-07 20:12:44 | INFO | Processing message: Have a great day!
2025-09-07 20:12:45 | INFO | Generated buzz: I love Python!
2025-09-07 20:12:45 | INFO | Sent message to topic 'buzzline': I love Python!
2025-09-07 20:12:45 | INFO | Processing message: I love Python!
2025-09-07 20:12:46 | INFO | Generated buzz: Kafka is awesome.
2025-09-07 20:12:46 | INFO | Sent message to topic 'buzzline': Kafka is awesome.
2025-09-07 20:12:46 | INFO | Processing message: Kafka is awesome.
2025-09-07 20:12:47 | INFO | Generated buzz: Streaming data is fun.
2025-09-07 20:12:47 | INFO | Sent message to topic 'buzzline': Streaming data is fun.
2025-09-07 20:12:47 | INFO | Processing message: Streaming data is fun.
2025-09-07 20:12:48 | INFO | Generated buzz: This is a buzz message.
2025-09-07 20:12:48 | INFO | Sent message to topic 'buzzline': This is a buzz message.
2025-09-07 20:12:48 | INFO | Processing message: This is a buzz message.
2025-09-07 20:12:49 | INFO | Generated buzz: Have a great day!
2025-09-07 20:12:49 | INFO | Sent message to topic 'buzzline': Have a great day!
2025-09-07 20:12:49 | INFO | Processing message: Have a great day!
2025-09-07 20:12:50 | INFO | Generated buzz: I love Python!
2025-09-07 20:12:50 | INFO | Sent message to topic 'buzzline': I love Python!
2025-09-07 20:12:50 | INFO | Processing message: I love Python!
2025-09-07 20:12:51 | INFO | Generated buzz: Kafka is awesome.
2025-09-07 20:12:51 | INFO | Sent message to topic 'buzzline': Kafka is awesome.
2025-09-07 20:12:51 | INFO | Processing message: Kafka is awesome.
2025-09-07 20:12:52 | INFO | Generated buzz: Streaming data is fun.
2025-09-07 20:12:52 | INFO | Sent message to topic 'buzzline': Streaming data is fun.
2025-09-07 20:12:52 | INFO | Processing message: Streaming data is fun.
2025-09-07 20:12:53 | INFO | Generated buzz: This is a buzz message.
2025-09-07 20:12:53 | INFO | Sent message to topic 'buzzline': This is a buzz message.
2025-09-07 20:12:53 | INFO | Processing message: This is a buzz message.
2025-09-07 20:12:54 | INFO | Generated buzz: Have a great day!
2025-09-07 20:12:54 | INFO | Sent message to topic 'buzzline': Have a great day!
2025-09-07 20:12:54 | INFO | Processing message: Have a great day!
2025-09-07 20:12:55 | INFO | Generated buzz: I love Python!
2025-09-07 20:12:55 | INFO | Sent message to topic 'buzzline': I love Python!
2025-09-07 20:12:55 | INFO | Processing message: I love Python!
2025-09-07 20:12:56 | INFO | Generated buzz: Kafka is awesome.
2025-09-07 20:12:56 | INFO | Sent message to topic 'buzzline': Kafka is awesome.
2025-09-07 20:12:56 | INFO | Processing message: Kafka is awesome.
2025-09-07 20:12:57 | INFO | Generated buzz: Streaming data is fun.
2025-09-07 20:12:57 | INFO | Sent message to topic 'buzzline': Streaming data is fun.
2025-09-07 20:12:57 | INFO | Processing message: Streaming data is fun.
2025-09-07 20:12:58 | INFO | Generated buzz: This is a buzz message.
2025-09-07 20:12:58 | INFO | Sent message to topic 'buzzline': This is a buzz message.
2025-09-07 20:12:58 | INFO | Processing message: This is a buzz message.
2025-09-07 20:12:59 | INFO | Generated buzz: Have a great day!
2025-09-07 20:12:59 | INFO | Sent message to topic 'buzzline': Have a great day!
2025-09-07 20:12:59 | INFO | Processing message: Have a great day!
2025-09-07 20:13:00 | INFO | Generated buzz: I love Python!
2025-09-07 20:13:00 | INFO | Sent message to topic 'buzzline': I love Python!
2025-09-07 20:13:00 | INFO | Processing message: I love Python!
2025-09-07 20:13:01 | INFO | Generated buzz: Kafka is awesome.
2025-09-07 20:13:01 | INFO | Sent message to topic 'buzzline': Kafka is awesome.
2025-09-07 20:13:01 | INFO | Processing message: Kafka is awesome.
2025-09-07 20:13:02 | INFO | Generated buzz: Streaming data is fun.
2025-09-07 20:13:02 | INFO | Sent message to topic 'buzzline': Streaming data is fun.
2025-09-07 20:13:02 | INFO | Processing message: Streaming data is fun.
2025-09-07 20:13:03 | INFO | Generated buzz: This is a buzz message.
2025-09-07 20:13:03 | INFO | Sent message to topic 'buzzline': This is a buzz message.
2025-09-07 20:13:03 | INFO | Processing message: This is a buzz message.
2025-09-07 20:13:04 | INFO | Generated buzz: Have a great day!
2025-09-07 20:13:04 | INFO | Sent message to topic 'buzzline': Have a great day!
2025-09-07 20:13:04 | INFO | Processing message: Have a great day!
2025-09-07 20:13:05 | INFO | Generated buzz: I love Python!
2025-09-07 20:13:05 | INFO | Sent message to topic 'buzzline': I love Python!
2025-09-07 20:13:05 | INFO | Processing message: I love Python!
2025-09-07 20:13:06 | INFO | Generated buzz: Kafka is awesome.
2025-09-07 20:13:06 | INFO | Sent message to topic 'buzzline': Kafka is awesome.
2025-09-07 20:13:06 | INFO | Processing message: Kafka is awesome.
2025-09-07 20:13:07 | INFO | Generated buzz: Streaming data is fun.
2025-09-07 20:13:07 | INFO | Sent message to topic 'buzzline': Streaming data is fun.
2025-09-07 20:13:07 | INFO | Processing message: Streaming data is fun.
2025-09-07 20:13:08 | INFO | Generated buzz: This is a buzz message.
2025-09-07 20:13:08 | INFO | Sent message to topic 'buzzline': This is a buzz message.
2025-09-07 20:13:08 | INFO | Processing message: This is a buzz message.
2025-09-07 20:13:09 | INFO | Generated buzz: Have a great day!
2025-09-07 20:13:09 | INFO | Sent message to topic 'buzzline': Have a great day!
2025-09-07 20:13:09 | INFO | Processing message: Have a great day!
2025-09-07 20:13:10 | INFO | Generated buzz: I love Python!
2025-09-07 20:13:10 | INFO | Sent message to topic 'buzzline': I love Python!
2025-09-07 20:13:10 | INFO | Processing message: I love Python!
2025-09-07 20:13:11 | INFO | Generated buzz: Kafka is awesome.
2025-09-07 20:13:11 | INFO | Sent message to topic 'buzzline': Kafka is awesome.
2025-09-07 20:13:11 | INFO | Processing message: Kafka is awesome.
2025-09-07 20:13:12 | INFO | Generated buzz: Streaming data is fun.
2025-09-07 20:13:12 | INFO | Sent message to topic 'buzzline': Streaming data is fun.
2025-09-07 20:13:12 | INFO | Processing message: Streaming data is fun.
2025-09-07 20:13:13 | INFO | Generated buzz: This is a buzz message.
2025-09-07 20:13:13 | INFO | Sent message to topic 'buzzline': This is a buzz message.
2025-09-07 20:13:13 | INFO | Processing message: This is a buzz message.
2025-09-07 20:13:14 | INFO | Generated buzz: Have a great day!
2025-09-07 20:13:14 | INFO | Sent message to topic 'buzzline': Have a great day!
2025-09-07 20:13:14 | INFO | Processing message: Have a great day!
2025-09-07 20:13:15 | INFO | Generated buzz: I love Python!
2025-09-07 20:13:15 | INFO | Sent message to topic 'buzzline': I love Python!
2025-09-07 20:13:15 | INFO | Processing message: I love Python!
2025-09-07 20:13:16 | INFO | Generated buzz: Kafka is awesome.
2025-09-07 20:13:16 | INFO | Sent message to topic 'buzzline': Kafka is awesome.
2025-09-07 20:13:16 | INFO | Processing message: Kafka is awesome.
2025-09-07 20:13:17 | INFO | Generated buzz: Streaming data is fun.
2025-09-07 20:13:17 | INFO | Sent message to topic 'buzzline': Streaming data is fun.
2025-09-07 20:13:17 | INFO | Processing message: Streaming data is fun.
2025-09-07 20:13:18 | INFO | Generated buzz: This is a buzz message.
2025-09-07 20:13:18 | INFO | Sent message to topic 'buzzline': This is a buzz message.
2025-09-07 20:13:18 | INFO | Processing message: This is a buzz message.
2025-09-07 20:13:19 | INFO | Generated buzz: Have a great day!
2025-09-07 20:13:19 | INFO | Sent message to topic 'buzzline': Have a great day!
2025-09-07 20:13:19 | INFO | Processing message: Have a great day!
2025-09-07 20:13:20 | INFO | Generated buzz: I love Python!
2025-09-07 20:13:20 | INFO | Sent message to topic 'buzzline': I love Python!
2025-09-07 20:13:20 | INFO | Processing message: I love Python!
2025-09-07 20:13:21 | INFO | Generated buzz: Kafka is awesome.
2025-09-07 20:13:21 | INFO | Sent message to topic 'buzzline': Kafka is awesome.
2025-09-07 20:13:21 | INFO | Processing message: Kafka is awesome.
2025-09-07 20:13:22 | INFO | Generated buzz: Streaming data is fun.
2025-09-07 20:13:22 | INFO | Sent message to topic 'buzzline': Streaming data is fun.
2025-09-07 20:13:22 | INFO | Processing message: Streaming data is fun.
2025-09-07 20:13:23 | INFO | Generated buzz: This is a buzz message.
2025-09-07 20:13:23 | INFO | Sent message to topic 'buzzline': This is a buzz message.
2025-09-07 20:13:23 | INFO | Processing message: This is a buzz message.
2025-09-07 20:13:24 | INFO | Generated buzz: Have a great day!
2025-09-07 20:13:24 | INFO | Sent message to topic 'buzzline': Have a great day!
2025-09-07 20:13:24 | INFO | Processing message: Have a great day!
2025-09-07 20:13:25 | INFO | Generated buzz: I love Python!
2025-09-07 20:13:25 | INFO | Sent message to topic 'buzzline': I love Python!
2025-09-07 20:13:25 | INFO | Processing message: I love Python!
2025-09-07 20:13:26 | INFO | Generated buzz: Kafka is awesome.
2025-09-07 20:13:26 | INFO | Sent message to topic 'buzzline': Kafka is awesome.
2025-09-07 20:13:26 | INFO | Processing message: Kafka is awesome.
2025-09-07 20:13:27 | INFO | Generated buzz: Streaming data is fun.
2025-09-07 20:13:27 | INFO | Sent message to topic 'buzzline': Streaming data is fun.
2025-09-07 20:13:27 | INFO | Processing message: Streaming data is fun.
2025-09-07 20:13:28 | INFO | Generated buzz: This is a buzz message.
2025-09-07 20:13:28 | INFO | Sent message to topic 'buzzline': This is a buzz message.
2025-09-07 20:13:28 | INFO | Processing message: This is a buzz message.
2025-09-07 20:13:29 | INFO | Generated buzz: Have a great day!
2025-09-07 20:13:29 | INFO | Sent message to topic 'buzzline': Have a great day!
2025-09-07 20:13:29 | INFO | Processing message: Have a great day!
2025-09-07 20:13:30 | INFO | Generated buzz: I love Python!
2025-09-07 20:13:30 | INFO | Sent message to topic 'buzzline': I love Python!
2025-09-07 20:13:30 | INFO | Processing message: I love Python!
2025-09-07 20:13:31 | INFO | Generated buzz: Kafka is awesome.
2025-09-07 20:13:31 | INFO | Sent message to topic 'buzzline': Kafka is awesome.
2025-09-07 20:13:31 | INFO | Processing message: Kafka is awesome.
2025-09-07 20:13:32 | INFO | Generated buzz: Streaming data is fun.
2025-09-07 20:13:32 | INFO | Sent message to topic 'buzzline': Streaming data is fun.
2025-09-07 20:13:32 | INFO | Processing message: Streaming data is fun.
2025-09-07 20:13:33 | INFO | Generated buzz: This is a buzz message.
2025-09-07 20:13:33 | INFO | Sent message to topic 'buzzline': This is a buzz message.
2025-09-07 20:13:33 | INFO | Processing message: This is a buzz message.
2025-09-07 20:13:34 | INFO | Generated buzz: Have a great day!
2025-09-07 20:13:34 | INFO | Sent message to topic 'buzzline': Have a great day!
2025-09-07 20:13:34 | INFO | Processing message: Have a great day!
2025-09-07 20:13:35 | INFO | Generated buzz: I love Python!
2025-09-07 20:13:35 | INFO | Sent message to topic 'buzzline': I love Python!
2025-09-07 20:13:35 | INFO | Processing message: I love Python!
2025-09-07 20:13:36 | INFO | Generated buzz: Kafka is awesome.
2025-09-07 20:13:36 | INFO | Sent message to topic 'buzzline': Kafka is awesome.
2025-09-07 20:13:36 | INFO | Processing message: Kafka is awesome.
2025-09-07 20:13:37 | INFO | Generated buzz: Streaming data is fun.
2025-09-07 20:13:37 | INFO | Sent message to topic 'buzzline': Streaming data is fun.
2025-09-07 20:13:37 | INFO | Processing message: Streaming data is fun.
2025-09-07 20:13:38 | INFO | Generated buzz: This is a buzz message.
2025-09-07 20:13:38 | INFO | Sent message to topic 'buzzline': This is a buzz message.
2025-09-07 20:13:38 | INFO | Processing message: This is a buzz message.
2025-09-07 20:13:39 | INFO | Generated buzz: Have a great day!
2025-09-07 20:13:39 | INFO | Sent message to topic 'buzzline': Have a great day!
2025-09-07 20:13:39 | INFO | Processing message: Have a great day!
2025-09-07 20:13:40 | INFO | Generated buzz: I love Python!
2025-09-07 20:13:40 | INFO | Sent message to topic 'buzzline': I love Python!
2025-09-07 20:13:40 | INFO | Processing message: I love Python!
2025-09-07 20:13:41 | INFO | Generated buzz: Kafka is awesome.
2025-09-07 20:13:41 | INFO | Sent message to topic 'buzzline': Kafka is awesome.
2025-09-07 20:13:41 | INFO | Processing message: Kafka is awesome.
2025-09-07 20:13:42 | INFO | Generated buzz: Streaming data is fun.
2025-09-07 20:13:42 | INFO | Sent message to topic 'buzzline': Streaming data is fun.
2025-09-07 20:13:42 | INFO | Processing message: Streaming data is fun.
2025-09-07 20:13:43 | INFO | Generated buzz: This is a buzz message.
2025-09-07 20:13:43 | INFO | Sent message to topic 'buzzline': This is a buzz message.
2025-09-07 20:13:43 | INFO | Processing message: This is a buzz message.
2025-09-07 20:13:44 | INFO | Generated buzz: Have a great day!
2025-09-07 20:13:44 | INFO | Sent message to topic 'buzzline': Have a great day!
2025-09-07 20:13:44 | INFO | Processing message: Have a great day!
2025-09-07 20:13:45 | INFO | Generated buzz: I love Python!
2025-09-07 20:13:45 | INFO | Sent message to topic 'buzzline': I love Python!
2025-09-07 20:13:45 | INFO | Processing message: I love Python!
2025-09-07 20:13:46 | INFO | Generated buzz: Kafka is awesome.
2025-09-07 20:13:46 | INFO | Sent message to topic 'buzzline': Kafka is awesome.
2025-09-07 20:13:46 | INFO | Processing message: Kafka is awesome.
2025-09-07 20:13:47 | INFO | Generated buzz: Streaming data is fun.
2025-09-07 20:13:47 | INFO | Sent message to topic 'buzzline': Streaming data is fun.
2025-09-07 20:13:47 | INFO | Processing message: Streaming data is fun.
2025-09-07 20:13:48 | INFO | Generated buzz: This is a buzz message.
2025-09-07 20:13:48 | INFO | Sent message to topic 'buzzline': This is a buzz message.
2025-09-07 20:13:48 | INFO | Processing message: This is a buzz message.
2025-09-07 20:13:49 | INFO | Generated buzz: Have a great day!
2025-09-07 20:13:49 | INFO | Sent message to topic 'buzzline': Have a great day!
2025-09-07 20:13:49 | INFO | Processing message: Have a great day!
2025-09-07 20:13:50 | INFO | Generated buzz: I love Python!
2025-09-07 20:13:50 | INFO | Sent message to topic 'buzzline': I love Python!
2025-09-07 20:13:50 | INFO | Processing message: I love Python!
2025-09-07 20:13:51 | INFO | Generated buzz: Kafka is awesome.
2025-09-07 20:13:51 | INFO | Sent message to topic 'buzzline': Kafka is awesome.
2025-09-07 20:13:51 | INFO | Processing message: Kafka is awesome.
2025-09-07 20:13:52 | INFO | Generated buzz: Streaming data is fun.
2025-09-07 20:13:52 | INFO | Sent message to topic 'buzzline': Streaming data is fun.
2025-09-07 20:13:52 | INFO | Processing message: Streaming data is fun.
2025-09-07 20:13:53 | INFO | Generated buzz: This is a buzz message.
2025-09-07 20:13:53 | INFO | Sent message to topic 'buzzline': This is a buzz message.
2025-09-07 20:13:53 | INFO | Processing message: This is a buzz message.
2025-09-07 20:13:54 | INFO | Generated buzz: Have a great day!
2025-09-07 20:13:54 | INFO | Sent message to topic 'buzzline': Have a great day!
2025-09-07 20:13:54 | INFO | Processing message: Have a great day!
2025-09-07 20:13:55 | INFO | Generated buzz: I love Python!
2025-09-07 20:13:55 | INFO | Sent message to topic 'buzzline': I love Python!
2025-09-07 20:13:55 | INFO | Processing message: I love Python!
2025-09-07 20:13:56 | INFO | Generated buzz: Kafka is awesome.
2025-09-07 20:13:56 | INFO | Sent message to topic 'buzzline': Kafka is awesome.
2025-09-07 20:13:56 | INFO | Processing message: Kafka is awesome.
2025-09-07 20:13:57 | INFO | Generated buzz: Streaming data is fun.
2025-09-07 20:13:57 | INFO | Sent message to topic 'buzzline': Streaming data is fun.
2025-09-07 20:13:57 | INFO | Processing message: Streaming data is fun.
2025-09-07 20:13:58 | INFO | Generated buzz: This is a buzz message.
2025-09-07 20:13:58 | INFO | Sent message to topic 'buzzline': This is a buzz message.
2025-09-07 20:13:58 | INFO | Processing message: This is a buzz message.
2025-09-07 20:13:59 | INFO | Generated buzz: Have a great day!
2025-09-07 20:14:00 | INFO | Sent message to topic 'buzzline': Have a great day!
2025-09-07 20:14:00 | INFO | Processing message: Have a great day!
2025-09-07 20:14:01 | INFO | Generated buzz: I love Python!
2025-09-07 20:14:01 | INFO | Sent message to topic 'buzzline': I love Python!
2025-09-07 20:14:01 | INFO | Processing message: I love Python!
2025-09-07 20:14:02 | INFO | Generated buzz: Kafka is awesome.
2025-09-07 20:14:02 | INFO | Sent message to topic 'buzzline': Kafka is awesome.
2025-09-07 20:14:02 | INFO | Processing message: Kafka is awesome.
2025-09-07 20:14:03 | INFO | Generated buzz: Streaming data is fun.
2025-09-07 20:14:03 | INFO | Sent message to topic 'buzzline': Streaming data is fun.
2025-09-07 20:14:03 | INFO | Processing message: Streaming data is fun.
